<?xml version="1.0" encoding="UTF-8"?>
<!-- Generated by org.testng.reporters.JUnitReportReporter -->
<testsuite hostname="Otterdev" failures="0" tests="1" name="csv.DataCsv" time="0.070" errors="0" timestamp="2566-11-07T01:17:52 ICT" skipped="0">
  <testcase classname="csv.DataCsv" name="takeUrlThenReturnId" time="0.070"/>
</testsuite> <!-- csv.DataCsv -->
