<?xml version="1.0" encoding="UTF-8"?>
<!-- Generated by org.testng.reporters.JUnitReportReporter -->
<testsuite hostname="Otterdev" failures="0" tests="1" name="dataclass.AssetUtill" time="7743.803" errors="0" timestamp="2566-11-10T17:28:28 ICT" skipped="0">
  <testcase classname="dataclass.AssetUtill" name="initAllAssest" time="7743.803"/>
</testsuite> <!-- dataclass.AssetUtill -->
