<?xml version="1.0" encoding="UTF-8"?>
<!-- Generated by org.testng.reporters.JUnitReportReporter -->
<testsuite hostname="Otterdev" failures="0" tests="1" name="seleniumwork.HelpBySelenium" time="19.252" errors="0" timestamp="2566-11-08T22:53:03 ICT" skipped="0">
  <testcase classname="seleniumwork.HelpBySelenium" name="seleniumGetGeoDetails" time="19.252"/>
</testsuite> <!-- seleniumwork.HelpBySelenium -->
