<?xml version="1.0" encoding="UTF-8"?>
<!-- Generated by org.testng.reporters.JUnitReportReporter -->
<testsuite hostname="Otterdev" failures="0" tests="1" name="csv.DataCsv" time="0.018" errors="0" timestamp="2566-11-07T05:57:12 ICT" skipped="0">
  <testcase classname="csv.DataCsv" name="takeOneOfFacilityThenReturnIndex" time="0.018"/>
</testsuite> <!-- csv.DataCsv -->
