<?xml version="1.0" encoding="UTF-8"?>
<!-- Generated by org.testng.reporters.JUnitReportReporter -->
<testsuite hostname="Otterdev" failures="0" tests="1" name="csv.DataCsv" time="0.111" errors="0" timestamp="2566-11-09T03:01:36 ICT" skipped="0">
  <testcase classname="csv.DataCsv" name="initAllIdIntoArrayList" time="0.111"/>
</testsuite> <!-- csv.DataCsv -->
