<?xml version="1.0" encoding="UTF-8"?>
<!-- Generated by org.testng.reporters.JUnitReportReporter -->
<testsuite hostname="Otterdev" failures="0" tests="1" name="collectPrice.CollectPrice" time="3198.569" errors="0" timestamp="2566-11-11T03:25:19 ICT" skipped="0">
  <testcase classname="collectPrice.CollectPrice" name="GetAllPrice" time="3198.569"/>
</testsuite> <!-- collectPrice.CollectPrice -->
