<?xml version="1.0" encoding="UTF-8"?>
<!-- Generated by org.testng.reporters.JUnitReportReporter -->
<testsuite hostname="Otterdev" failures="0" tests="1" name="jsoup.WebDataPicker" time="0.986" errors="0" timestamp="2566-11-07T05:27:43 ICT" skipped="0">
  <testcase classname="jsoup.WebDataPicker" name="FazWazGetFacilites" time="0.986"/>
</testsuite> <!-- jsoup.WebDataPicker -->
