<?xml version="1.0" encoding="UTF-8"?>
<!-- Generated by org.testng.reporters.JUnitReportReporter -->
<testsuite hostname="Otterdev" failures="0" tests="1" name="readfile.ReadAllItemFromTextFile" time="0.038" errors="0" timestamp="2566-11-07T04:06:49 ICT" skipped="0">
  <testcase classname="readfile.ReadAllItemFromTextFile" name="getAllFacilites" time="0.038"/>
</testsuite> <!-- readfile.ReadAllItemFromTextFile -->
