<?xml version="1.0" encoding="UTF-8"?>
<!-- Generated by org.testng.reporters.JUnitReportReporter -->
<testsuite hostname="Otterdev" failures="0" tests="1" name="dataclass.CollectData" time="0.877" errors="0" timestamp="2566-11-07T01:30:52 ICT" skipped="0">
  <testcase classname="dataclass.CollectData" name="helpGetAssest_name" time="0.877"/>
</testsuite> <!-- dataclass.CollectData -->
