<?xml version="1.0" encoding="UTF-8"?>
<!-- Generated by org.testng.reporters.JUnitReportReporter -->
<testsuite hostname="Otterdev" failures="0" tests="1" name="jsoup.CollectFacilityAll" time="3513.529" errors="0" timestamp="2566-11-06T06:14:52 ICT" skipped="0">
  <testcase classname="jsoup.CollectFacilityAll" name="getAllFacilityController" time="3513.529"/>
</testsuite> <!-- jsoup.CollectFacilityAll -->
