<?xml version="1.0" encoding="UTF-8"?>
<!-- Generated by org.testng.reporters.JUnitReportReporter -->
<testsuite hostname="Otterdev" failures="0" tests="1" name="collectPrice.JsoupGetPrice" time="10.922" errors="0" timestamp="2566-11-11T02:02:27 ICT" skipped="0">
  <testcase classname="collectPrice.JsoupGetPrice" name="JsoupGetPrice" time="10.922"/>
</testsuite> <!-- collectPrice.JsoupGetPrice -->
