<?xml version="1.0" encoding="UTF-8"?>
<!-- Generated by org.testng.reporters.JUnitReportReporter -->
<testsuite hostname="Otterdev" failures="0" tests="1" name="jsoup.WebDataPicker" time="1.460" errors="0" timestamp="2566-11-07T18:31:30 ICT" skipped="0">
  <testcase classname="jsoup.WebDataPicker" name="FazWazGetAllAssestImages" time="1.460"/>
</testsuite> <!-- jsoup.WebDataPicker -->
