<?xml version="1.0" encoding="UTF-8"?>
<!-- Generated by org.testng.reporters.JUnitReportReporter -->
<testsuite hostname="Otterdev" failures="0" tests="1" name="dataclass.AssetUtill" time="393.433" errors="0" timestamp="2566-11-09T07:01:33 ICT" skipped="0">
  <testcase classname="dataclass.AssetUtill" name="initAllAssest" time="393.433"/>
</testsuite> <!-- dataclass.AssetUtill -->
