<?xml version="1.0" encoding="UTF-8"?>
<!-- Generated by org.testng.reporters.JUnitReportReporter -->
<testsuite hostname="Otterdev" failures="0" tests="1" name="readfile.ReadAllUrlFromTextFile" time="0.034" errors="0" timestamp="2566-11-07T03:58:44 ICT" skipped="0">
  <testcase classname="readfile.ReadAllUrlFromTextFile" name="getAllAssestType" time="0.034"/>
</testsuite> <!-- readfile.ReadAllUrlFromTextFile -->
