<?xml version="1.0" encoding="UTF-8"?>
<!-- Generated by org.testng.reporters.JUnitReportReporter -->
<testsuite hostname="Otterdev" failures="0" tests="1" name="csv.DataCsv" time="0.041" errors="0" timestamp="2566-11-07T04:12:15 ICT" skipped="0">
  <testcase classname="csv.DataCsv" name="TranformAllFacilitesToCsv" time="0.041"/>
</testsuite> <!-- csv.DataCsv -->
