<?xml version="1.0" encoding="UTF-8"?>
<!-- Generated by org.testng.reporters.JUnitReportReporter -->
<testsuite hostname="Otterdev" failures="0" tests="1" name="regularEx.CollectRegx" time="0.011" errors="0" timestamp="2566-11-05T06:00:30 ICT" skipped="0">
  <testcase classname="regularEx.CollectRegx" name="getRegx" time="0.011"/>
</testsuite> <!-- regularEx.CollectRegx -->
