<?xml version="1.0" encoding="UTF-8"?>
<!-- Generated by org.testng.reporters.JUnitReportReporter -->
<testsuite hostname="Otterdev" failures="0" tests="1" name="seleniumwork.HelpBySelenium" time="23.153" errors="0" timestamp="2566-11-07T21:20:53 ICT" skipped="0">
  <testcase classname="seleniumwork.HelpBySelenium" name="seleniumGetAllCoverImages" time="23.153"/>
</testsuite> <!-- seleniumwork.HelpBySelenium -->
