<?xml version="1.0" encoding="UTF-8"?>
<!-- Generated by org.testng.reporters.JUnitReportReporter -->
<testsuite hostname="Otterdev" failures="0" tests="2" name="seleniumwork.GetAllItems" time="43.940" errors="0" timestamp="2566-11-04T23:08:15 ICT" skipped="0">
  <testcase classname="seleniumwork.GetAllItems" name="getAllPages" time="43.923"/>
  <testcase classname="seleniumwork.GetAllItems" name="getAllItems" time="0.017"/>
</testsuite> <!-- seleniumwork.GetAllItems -->
