<?xml version="1.0" encoding="UTF-8"?>
<!-- Generated by org.testng.reporters.JUnitReportReporter -->
<testsuite hostname="Otterdev" failures="0" tests="1" name="seleniumwork.GetAllItems" time="655.588" errors="0" timestamp="2566-11-05T01:36:38 ICT" skipped="0">
  <testcase classname="seleniumwork.GetAllItems" name="getAllPages" time="655.588"/>
</testsuite> <!-- seleniumwork.GetAllItems -->
